2020-04-11 05:51:47 - INFO: Email sent from: oopmailproject@gmail.com
2020-04-11 05:51:47 - INFO:  
2020-04-11 05:51:47 - INFO: **SENDING EMAIL**
2020-04-11 05:51:51 - INFO: Sending email to yasserakarimo@gmail.com
2020-04-11 05:51:51 - INFO: Recipient Name: Yasser A. K. Nazir
2020-04-11 05:51:51 - INFO: Email Subject: Subject 1
2020-04-11 05:51:51 - INFO: Attachment: /Users/yasserkarimo/Desktop/Email_Project/Dataset/Dataset.csv
2020-04-11 05:51:51 - INFO: Email Sent
2020-04-11 05:51:51 - INFO:  
2020-04-11 05:51:55 - INFO: Sending email to yasserakarimo@live.com
2020-04-11 05:51:55 - INFO: Recipient Name: Yasser Nazir
2020-04-11 05:51:55 - INFO: Email Subject: Subject 2
2020-04-11 05:51:55 - INFO: Attachment: /Users/yasserkarimo/Desktop/Email_Project/Dataset/Dataset.csv
2020-04-11 05:51:55 - INFO: Email Sent
2020-04-11 05:51:55 - INFO:  
2020-04-11 05:51:58 - INFO: Sending email to yasserakarimo@yahoo.com
2020-04-11 05:51:58 - INFO: Recipient Name: Yasser Karimo
2020-04-11 05:51:58 - INFO: Email Subject: Subject 3
2020-04-11 05:51:58 - INFO: Attachment: /Users/yasserkarimo/Desktop/Email_Project/Dataset/Dataset.csv
2020-04-11 05:51:58 - INFO: Email Sent
2020-04-11 05:51:58 - INFO:  
2020-04-11 05:52:01 - INFO: Sending email to yasser_22331@utp.edu.my
2020-04-11 05:52:01 - INFO: Recipient Name: Yasser
2020-04-11 05:52:01 - INFO: Email Subject: Subject 4
2020-04-11 05:52:01 - INFO: Attachment: /Users/yasserkarimo/Desktop/Email_Project/Dataset/Dataset.csv
2020-04-11 05:52:01 - INFO: Email Sent
2020-04-11 05:52:01 - INFO:  
2020-04-11 05:52:01 - INFO: Elapsed Time: 14 Seconds 
2020-04-11 05:52:01 - INFO: **PROGRAM END**
