2020-04-11 06:34:54 - INFO: Email sent from: oopmailproject@gmail.com
2020-04-11 06:34:54 - INFO:  
2020-04-11 06:34:54 - INFO: **SENDING EMAIL**
2020-04-11 06:34:58 - INFO: Sending email to yasserakarimo@gmail.com
2020-04-11 06:34:58 - INFO: Recipient Name: Yasser A. K. Nazir
2020-04-11 06:34:58 - INFO: Email Subject: Subject 1
2020-04-11 06:34:58 - INFO: Attachment: /Users/yasserkarimo/Desktop/Email_Project/Dataset/Dataset.csv
2020-04-11 06:34:58 - INFO: Email Sent
2020-04-11 06:34:58 - INFO:  
2020-04-11 06:35:01 - INFO: Sending email to yasserakarimo@live.com
2020-04-11 06:35:01 - INFO: Recipient Name: Yasser Nazir
2020-04-11 06:35:01 - INFO: Email Subject: Subject 2
2020-04-11 06:35:01 - INFO: Attachment: /Users/yasserkarimo/Desktop/Email_Project/Dataset/Dataset.csv
2020-04-11 06:35:01 - INFO: Email Sent
2020-04-11 06:35:01 - INFO:  
2020-04-11 06:35:04 - INFO: Sending email to yasserakarimo@yahoo.com
2020-04-11 06:35:04 - INFO: Recipient Name: Yasser Karimo
2020-04-11 06:35:04 - INFO: Email Subject: Subject 3
2020-04-11 06:35:04 - INFO: Attachment: /Users/yasserkarimo/Desktop/Email_Project/Dataset/Dataset.csv
2020-04-11 06:35:04 - INFO: Email Sent
2020-04-11 06:35:04 - INFO:  
2020-04-11 06:35:06 - INFO: Sending email to yasser_22331@utp.edu.my
2020-04-11 06:35:06 - INFO: Recipient Name: Yasser
2020-04-11 06:35:06 - INFO: Email Subject: Subject 4
2020-04-11 06:35:06 - INFO: Attachment: /Users/yasserkarimo/Desktop/Email_Project/Dataset/Dataset.csv
2020-04-11 06:35:06 - INFO: Email Sent
2020-04-11 06:35:06 - INFO:  
2020-04-11 06:35:06 - INFO: Elapsed Time: 12 Seconds 
2020-04-11 06:35:06 - INFO: **PROGRAM END**
